[35m[1mScanning dependencies of target nour_pid_gencfg[0m
[ 12%] Built target nour_pid_gencfg
[35m[1mScanning dependencies of target std_msgs_generate_messages_py[0m
[ 12%] Built target std_msgs_generate_messages_py
[35m[1mScanning dependencies of target std_msgs_generate_messages_nodejs[0m
[ 12%] Built target std_msgs_generate_messages_nodejs
[35m[1mScanning dependencies of target std_msgs_generate_messages_lisp[0m
[ 12%] Built target std_msgs_generate_messages_lisp
[35m[1mScanning dependencies of target std_msgs_generate_messages_eus[0m
[ 12%] Built target std_msgs_generate_messages_eus
[35m[1mScanning dependencies of target std_msgs_generate_messages_cpp[0m
[ 12%] Built target std_msgs_generate_messages_cpp
[35m[1mScanning dependencies of target pid_listen[0m
[ 25%] [32mBuilding CXX object CMakeFiles/pid_listen.dir/src/nour_pid_core.cpp.o[0m
[ 37%] [32mBuilding CXX object CMakeFiles/pid_listen.dir/src/pid_listen.cpp.o[0m
[ 50%] [32m[1mLinking CXX executable /home/jetson/nourrobot_ws/devel/.private/nour_pid/lib/nour_pid/pid_listen[0m
[ 50%] Built target pid_listen
[35m[1mScanning dependencies of target pid_configure[0m
[ 62%] [32mBuilding CXX object CMakeFiles/pid_configure.dir/src/nour_pid_core.cpp.o[0m
[ 75%] [32mBuilding CXX object CMakeFiles/pid_configure.dir/src/pid_configure.cpp.o[0m
[ 87%] [32m[1mLinking CXX executable /home/jetson/nourrobot_ws/devel/.private/nour_pid/lib/nour_pid/pid_configure[0m
[ 87%] Built target pid_configure
[35m[1mScanning dependencies of target nour_pid_generate_messages_py[0m
[ 87%] Built target nour_pid_generate_messages_py
[35m[1mScanning dependencies of target nour_pid_generate_messages_nodejs[0m
[ 87%] Built target nour_pid_generate_messages_nodejs
[35m[1mScanning dependencies of target nour_pid_generate_messages_lisp[0m
[ 87%] Built target nour_pid_generate_messages_lisp
[35m[1mScanning dependencies of target nour_pid_generate_messages_eus[0m
[100%] Built target nour_pid_generate_messages_eus
[35m[1mScanning dependencies of target nour_pid_generate_messages_cpp[0m
[100%] Built target nour_pid_generate_messages_cpp
[35m[1mScanning dependencies of target nour_pid_generate_messages[0m
[100%] Built target nour_pid_generate_messages
