[36m--[0m Using CATKIN_DEVEL_PREFIX: /home/jetson/nourrobot_ws/devel/.private/nour_pid
[36m--[0m Using CMAKE_PREFIX_PATH: /home/jetson/nourrobot_ws/devel;/opt/ros/melodic
[36m--[0m This workspace overlays: /home/jetson/nourrobot_ws/devel;/opt/ros/melodic
[36m--[0m Found PythonInterp: /usr/bin/python2 (found suitable version "2.7.17", minimum required is "2")
[36m--[0m Using PYTHON_EXECUTABLE: /usr/bin/python2
[36m--[0m Using Debian Python package layout
[36m--[0m Using empy: /usr/bin/empy
[36m--[0m Using CATKIN_ENABLE_TESTING: ON
[36m--[0m Call enable_testing()
[36m--[0m Using CATKIN_TEST_RESULTS_DIR: /home/jetson/nourrobot_ws/build/nour_pid/test_results
[36m--[0m Found gtest sources under '/usr/src/googletest': gtests will be built
[36m--[0m Found gmock sources under '/usr/src/googletest': gmock will be built
[36m--[0m Found PythonInterp: /usr/bin/python2 (found version "2.7.17")
[36m--[0m Using Python nosetests: /usr/bin/nosetests-2.7
[36m--[0m catkin 0.7.29
[36m--[0m BUILD_SHARED_LIBS is on
[36m--[0m Could NOT find dynamic_reconfigure (missing: dynamic_reconfigure_DIR)
[36m--[0m Could not find the required component 'dynamic_reconfigure'. The following CMake error indicates that you either need to install the package with the same name or change your environment so that it can be found.
[31m[1mCMake Error[0m at /opt/ros/melodic/share/catkin/cmake/catkinConfig.cmake:83 (find_package):
  Could not find a package configuration file provided by
  "dynamic_reconfigure" with any of the following names:

    dynamic_reconfigureConfig.cmake
    dynamic_reconfigure-config.cmake

  Add the installation prefix of "dynamic_reconfigure" to CMAKE_PREFIX_PATH
  or set "dynamic_reconfigure_DIR" to a directory containing one of the above
  files.  If "dynamic_reconfigure" provides a separate development package or
  SDK, be sure it has been installed.
[36mCall Stack (most recent call first):[0m
  CMakeLists.txt:4 (find_package)


[36m--[0m Configuring incomplete, errors occurred!
See also "/home/jetson/nourrobot_ws/build/nour_pid/CMakeFiles/CMakeOutput.log".
See also "/home/jetson/nourrobot_ws/build/nour_pid/CMakeFiles/CMakeError.log".
Makefile:1043: recipe for target 'cmake_check_build_system' failed
make: *** [cmake_check_build_system] Error 1
