Determining if the pthread_create exist failed with the following output:
Change Dir: /home/jetson/nourrobot_ws/build/nour_udev/CMakeFiles/CMakeTmp

Run Build Command:"/usr/bin/make" "cmTC_b1287/fast"
/usr/bin/make -f CMakeFiles/cmTC_b1287.dir/build.make CMakeFiles/cmTC_b1287.dir/build
make[1]: Entering directory '/home/jetson/nourrobot_ws/build/nour_udev/CMakeFiles/CMakeTmp'
Building C object CMakeFiles/cmTC_b1287.dir/CheckSymbolExists.c.o
/usr/bin/cc    -o CMakeFiles/cmTC_b1287.dir/CheckSymbolExists.c.o   -c /home/jetson/nourrobot_ws/build/nour_udev/CMakeFiles/CMakeTmp/CheckSymbolExists.c
Linking C executable cmTC_b1287
/usr/bin/cmake -E cmake_link_script CMakeFiles/cmTC_b1287.dir/link.txt --verbose=1
/usr/bin/cc      -rdynamic CMakeFiles/cmTC_b1287.dir/CheckSymbolExists.c.o  -o cmTC_b1287 
CMakeFiles/cmTC_b1287.dir/CheckSymbolExists.c.o: In function `main':
CheckSymbolExists.c:(.text+0x14): undefined reference to `pthread_create'
CheckSymbolExists.c:(.text+0x18): undefined reference to `pthread_create'
collect2: error: ld returned 1 exit status
CMakeFiles/cmTC_b1287.dir/build.make:97: recipe for target 'cmTC_b1287' failed
make[1]: *** [cmTC_b1287] Error 1
make[1]: Leaving directory '/home/jetson/nourrobot_ws/build/nour_udev/CMakeFiles/CMakeTmp'
Makefile:126: recipe for target 'cmTC_b1287/fast' failed
make: *** [cmTC_b1287/fast] Error 2

File /home/jetson/nourrobot_ws/build/nour_udev/CMakeFiles/CMakeTmp/CheckSymbolExists.c:
/* */
#include <pthread.h>

int main(int argc, char** argv)
{
  (void)argv;
#ifndef pthread_create
  return ((int*)(&pthread_create))[argc];
#else
  (void)argc;
  return 0;
#endif
}

Determining if the function pthread_create exists in the pthreads failed with the following output:
Change Dir: /home/jetson/nourrobot_ws/build/nour_udev/CMakeFiles/CMakeTmp

Run Build Command:"/usr/bin/make" "cmTC_34505/fast"
/usr/bin/make -f CMakeFiles/cmTC_34505.dir/build.make CMakeFiles/cmTC_34505.dir/build
make[1]: Entering directory '/home/jetson/nourrobot_ws/build/nour_udev/CMakeFiles/CMakeTmp'
Building C object CMakeFiles/cmTC_34505.dir/CheckFunctionExists.c.o
/usr/bin/cc   -DCHECK_FUNCTION_EXISTS=pthread_create   -o CMakeFiles/cmTC_34505.dir/CheckFunctionExists.c.o   -c /usr/share/cmake-3.10/Modules/CheckFunctionExists.c
Linking C executable cmTC_34505
/usr/bin/cmake -E cmake_link_script CMakeFiles/cmTC_34505.dir/link.txt --verbose=1
/usr/bin/cc  -DCHECK_FUNCTION_EXISTS=pthread_create    -rdynamic CMakeFiles/cmTC_34505.dir/CheckFunctionExists.c.o  -o cmTC_34505 -lpthreads 
/usr/bin/ld: cannot find -lpthreads
collect2: error: ld returned 1 exit status
CMakeFiles/cmTC_34505.dir/build.make:97: recipe for target 'cmTC_34505' failed
make[1]: *** [cmTC_34505] Error 1
make[1]: Leaving directory '/home/jetson/nourrobot_ws/build/nour_udev/CMakeFiles/CMakeTmp'
Makefile:126: recipe for target 'cmTC_34505/fast' failed
make: *** [cmTC_34505/fast] Error 2


