Symlinking /home/jetson/nourrobot_ws/devel/lib/pkgconfig/nour_behave.pc
Symlinking /home/jetson/nourrobot_ws/devel/lib/python2.7/dist-packages/nour_behave/__init__.py
Symlinking /home/jetson/nourrobot_ws/devel/lib/python2.7/dist-packages/nour_behave/srv/_ServiceExample.py
Symlinking /home/jetson/nourrobot_ws/devel/lib/python2.7/dist-packages/nour_behave/srv/__init__.py
Symlinking /home/jetson/nourrobot_ws/devel/lib/python2.7/dist-packages/nour_behave/srv/_ServiceDetect.py
Symlinking /home/jetson/nourrobot_ws/devel/include/nour_behave/ServiceExampleRequest.h
Symlinking /home/jetson/nourrobot_ws/devel/include/nour_behave/ServiceDetectResponse.h
Symlinking /home/jetson/nourrobot_ws/devel/include/nour_behave/ServiceExampleResponse.h
Symlinking /home/jetson/nourrobot_ws/devel/include/nour_behave/ServiceDetect.h
Symlinking /home/jetson/nourrobot_ws/devel/include/nour_behave/ServiceExample.h
Symlinking /home/jetson/nourrobot_ws/devel/include/nour_behave/ServiceDetectRequest.h
Symlinking /home/jetson/nourrobot_ws/devel/share/nour_behave/cmake/nour_behaveConfig.cmake
Symlinking /home/jetson/nourrobot_ws/devel/share/nour_behave/cmake/nour_behave-msg-paths.cmake
Symlinking /home/jetson/nourrobot_ws/devel/share/nour_behave/cmake/nour_behaveConfig-version.cmake
Symlinking /home/jetson/nourrobot_ws/devel/share/nour_behave/cmake/nour_behave-msg-extras.cmake
Symlinking /home/jetson/nourrobot_ws/devel/share/common-lisp/ros/nour_behave/srv/ServiceExample.lisp
Symlinking /home/jetson/nourrobot_ws/devel/share/common-lisp/ros/nour_behave/srv/_package_ServiceExample.lisp
Symlinking /home/jetson/nourrobot_ws/devel/share/common-lisp/ros/nour_behave/srv/nour_behave-srv.asd
Symlinking /home/jetson/nourrobot_ws/devel/share/common-lisp/ros/nour_behave/srv/ServiceDetect.lisp
Symlinking /home/jetson/nourrobot_ws/devel/share/common-lisp/ros/nour_behave/srv/_package_ServiceDetect.lisp
Symlinking /home/jetson/nourrobot_ws/devel/share/common-lisp/ros/nour_behave/srv/_package.lisp
Symlinking /home/jetson/nourrobot_ws/devel/share/roseus/ros/nour_behave/manifest.l
Symlinking /home/jetson/nourrobot_ws/devel/share/roseus/ros/nour_behave/srv/ServiceExample.l
Symlinking /home/jetson/nourrobot_ws/devel/share/roseus/ros/nour_behave/srv/ServiceDetect.l
Symlinking /home/jetson/nourrobot_ws/devel/share/gennodejs/ros/nour_behave/_index.js
Symlinking /home/jetson/nourrobot_ws/devel/share/gennodejs/ros/nour_behave/srv/ServiceDetect.js
Symlinking /home/jetson/nourrobot_ws/devel/share/gennodejs/ros/nour_behave/srv/_index.js
Symlinking /home/jetson/nourrobot_ws/devel/share/gennodejs/ros/nour_behave/srv/ServiceExample.js
