[35m[1mScanning dependencies of target _nour_behave_generate_messages_check_deps_ServiceDetect[0m
[35m[1mScanning dependencies of target _nour_behave_generate_messages_check_deps_ServiceExample[0m
[35m[1mScanning dependencies of target std_msgs_generate_messages_lisp[0m
[35m[1mScanning dependencies of target std_msgs_generate_messages_py[0m
[  0%] Built target std_msgs_generate_messages_lisp
[  0%] Built target std_msgs_generate_messages_py
[35m[1mScanning dependencies of target std_msgs_generate_messages_cpp[0m
[  0%] Built target _nour_behave_generate_messages_check_deps_ServiceExample
[35m[1mScanning dependencies of target std_msgs_generate_messages_eus[0m
[  0%] Built target _nour_behave_generate_messages_check_deps_ServiceDetect
[35m[1mScanning dependencies of target std_msgs_generate_messages_nodejs[0m
[  0%] Built target std_msgs_generate_messages_eus
[  0%] Built target std_msgs_generate_messages_nodejs
[35m[1mScanning dependencies of target nour_behave_generate_messages_py[0m
[35m[1mScanning dependencies of target nour_behave_generate_messages_lisp[0m
[  0%] Built target std_msgs_generate_messages_cpp
[35m[1mScanning dependencies of target nour_behave_generate_messages_eus[0m
[35m[1mScanning dependencies of target nour_behave_generate_messages_nodejs[0m
[ 16%] [34m[1mGenerating EusLisp code from nour_behave/ServiceDetect.srv[0m
[ 16%] [34m[1mGenerating Python code from SRV nour_behave/ServiceDetect[0m
[ 25%] [34m[1mGenerating Lisp code from nour_behave/ServiceDetect.srv[0m
[ 33%] [34m[1mGenerating Javascript code from nour_behave/ServiceDetect.srv[0m
[ 41%] [34m[1mGenerating Javascript code from nour_behave/ServiceExample.srv[0m
[ 50%] [34m[1mGenerating Lisp code from nour_behave/ServiceExample.srv[0m
[ 58%] [34m[1mGenerating EusLisp code from nour_behave/ServiceExample.srv[0m
[ 66%] [34m[1mGenerating Python code from SRV nour_behave/ServiceExample[0m
[ 66%] Built target nour_behave_generate_messages_nodejs
[ 66%] Built target nour_behave_generate_messages_lisp
[35m[1mScanning dependencies of target nour_behave_generate_messages_cpp[0m
[ 75%] [34m[1mGenerating EusLisp manifest code for nour_behave[0m
[ 83%] [34m[1mGenerating C++ code from nour_behave/ServiceDetect.srv[0m
[ 91%] [34m[1mGenerating Python srv __init__.py for nour_behave[0m
[100%] [34m[1mGenerating C++ code from nour_behave/ServiceExample.srv[0m
[100%] Built target nour_behave_generate_messages_py
[100%] Built target nour_behave_generate_messages_cpp
[100%] Built target nour_behave_generate_messages_eus
[35m[1mScanning dependencies of target nour_behave_generate_messages[0m
[100%] Built target nour_behave_generate_messages
