[35m[1mScanning dependencies of target _nour_behave_generate_messages_check_deps_ServiceExample[0m
[  0%] Built target _nour_behave_generate_messages_check_deps_ServiceExample
[35m[1mScanning dependencies of target std_msgs_generate_messages_py[0m
[  0%] Built target std_msgs_generate_messages_py
[35m[1mScanning dependencies of target _nour_behave_generate_messages_check_deps_ServiceDetect[0m
[  0%] Built target _nour_behave_generate_messages_check_deps_ServiceDetect
[35m[1mScanning dependencies of target std_msgs_generate_messages_lisp[0m
[  0%] Built target std_msgs_generate_messages_lisp
[35m[1mScanning dependencies of target std_msgs_generate_messages_cpp[0m
[  0%] Built target std_msgs_generate_messages_cpp
[35m[1mScanning dependencies of target std_msgs_generate_messages_eus[0m
[  0%] Built target std_msgs_generate_messages_eus
[35m[1mScanning dependencies of target std_msgs_generate_messages_nodejs[0m
[  0%] Built target std_msgs_generate_messages_nodejs
[35m[1mScanning dependencies of target nour_behave_generate_messages_py[0m
[ 25%] Built target nour_behave_generate_messages_py
[35m[1mScanning dependencies of target nour_behave_generate_messages_lisp[0m
[ 41%] Built target nour_behave_generate_messages_lisp
[35m[1mScanning dependencies of target nour_behave_generate_messages_cpp[0m
[ 58%] Built target nour_behave_generate_messages_cpp
[35m[1mScanning dependencies of target nour_behave_generate_messages_eus[0m
[ 83%] Built target nour_behave_generate_messages_eus
[35m[1mScanning dependencies of target nour_behave_generate_messages_nodejs[0m
[100%] Built target nour_behave_generate_messages_nodejs
[35m[1mScanning dependencies of target nour_behave_generate_messages[0m
[100%] Built target nour_behave_generate_messages
