Linked: (/home/jetson/nourrobot_ws/devel/.private/nour_behave/lib/pkgconfig/nour_behave.pc, /home/jetson/nourrobot_ws/devel/lib/pkgconfig/nour_behave.pc)
Linked: (/home/jetson/nourrobot_ws/devel/.private/nour_behave/lib/python2.7/dist-packages/nour_behave/__init__.py, /home/jetson/nourrobot_ws/devel/lib/python2.7/dist-packages/nour_behave/__init__.py)
Linked: (/home/jetson/nourrobot_ws/devel/.private/nour_behave/lib/python2.7/dist-packages/nour_behave/srv/_ServiceExample.py, /home/jetson/nourrobot_ws/devel/lib/python2.7/dist-packages/nour_behave/srv/_ServiceExample.py)
Linked: (/home/jetson/nourrobot_ws/devel/.private/nour_behave/lib/python2.7/dist-packages/nour_behave/srv/__init__.py, /home/jetson/nourrobot_ws/devel/lib/python2.7/dist-packages/nour_behave/srv/__init__.py)
Linked: (/home/jetson/nourrobot_ws/devel/.private/nour_behave/lib/python2.7/dist-packages/nour_behave/srv/_ServiceDetect.py, /home/jetson/nourrobot_ws/devel/lib/python2.7/dist-packages/nour_behave/srv/_ServiceDetect.py)
Linked: (/home/jetson/nourrobot_ws/devel/.private/nour_behave/include/nour_behave/ServiceExampleRequest.h, /home/jetson/nourrobot_ws/devel/include/nour_behave/ServiceExampleRequest.h)
Linked: (/home/jetson/nourrobot_ws/devel/.private/nour_behave/include/nour_behave/ServiceDetectResponse.h, /home/jetson/nourrobot_ws/devel/include/nour_behave/ServiceDetectResponse.h)
Linked: (/home/jetson/nourrobot_ws/devel/.private/nour_behave/include/nour_behave/ServiceExampleResponse.h, /home/jetson/nourrobot_ws/devel/include/nour_behave/ServiceExampleResponse.h)
Linked: (/home/jetson/nourrobot_ws/devel/.private/nour_behave/include/nour_behave/ServiceDetect.h, /home/jetson/nourrobot_ws/devel/include/nour_behave/ServiceDetect.h)
Linked: (/home/jetson/nourrobot_ws/devel/.private/nour_behave/include/nour_behave/ServiceExample.h, /home/jetson/nourrobot_ws/devel/include/nour_behave/ServiceExample.h)
Linked: (/home/jetson/nourrobot_ws/devel/.private/nour_behave/include/nour_behave/ServiceDetectRequest.h, /home/jetson/nourrobot_ws/devel/include/nour_behave/ServiceDetectRequest.h)
Linked: (/home/jetson/nourrobot_ws/devel/.private/nour_behave/share/nour_behave/cmake/nour_behaveConfig.cmake, /home/jetson/nourrobot_ws/devel/share/nour_behave/cmake/nour_behaveConfig.cmake)
Linked: (/home/jetson/nourrobot_ws/devel/.private/nour_behave/share/nour_behave/cmake/nour_behave-msg-paths.cmake, /home/jetson/nourrobot_ws/devel/share/nour_behave/cmake/nour_behave-msg-paths.cmake)
Linked: (/home/jetson/nourrobot_ws/devel/.private/nour_behave/share/nour_behave/cmake/nour_behaveConfig-version.cmake, /home/jetson/nourrobot_ws/devel/share/nour_behave/cmake/nour_behaveConfig-version.cmake)
Linked: (/home/jetson/nourrobot_ws/devel/.private/nour_behave/share/nour_behave/cmake/nour_behave-msg-extras.cmake, /home/jetson/nourrobot_ws/devel/share/nour_behave/cmake/nour_behave-msg-extras.cmake)
Linked: (/home/jetson/nourrobot_ws/devel/.private/nour_behave/share/common-lisp/ros/nour_behave/srv/ServiceExample.lisp, /home/jetson/nourrobot_ws/devel/share/common-lisp/ros/nour_behave/srv/ServiceExample.lisp)
Linked: (/home/jetson/nourrobot_ws/devel/.private/nour_behave/share/common-lisp/ros/nour_behave/srv/_package_ServiceExample.lisp, /home/jetson/nourrobot_ws/devel/share/common-lisp/ros/nour_behave/srv/_package_ServiceExample.lisp)
Linked: (/home/jetson/nourrobot_ws/devel/.private/nour_behave/share/common-lisp/ros/nour_behave/srv/nour_behave-srv.asd, /home/jetson/nourrobot_ws/devel/share/common-lisp/ros/nour_behave/srv/nour_behave-srv.asd)
Linked: (/home/jetson/nourrobot_ws/devel/.private/nour_behave/share/common-lisp/ros/nour_behave/srv/ServiceDetect.lisp, /home/jetson/nourrobot_ws/devel/share/common-lisp/ros/nour_behave/srv/ServiceDetect.lisp)
Linked: (/home/jetson/nourrobot_ws/devel/.private/nour_behave/share/common-lisp/ros/nour_behave/srv/_package_ServiceDetect.lisp, /home/jetson/nourrobot_ws/devel/share/common-lisp/ros/nour_behave/srv/_package_ServiceDetect.lisp)
Linked: (/home/jetson/nourrobot_ws/devel/.private/nour_behave/share/common-lisp/ros/nour_behave/srv/_package.lisp, /home/jetson/nourrobot_ws/devel/share/common-lisp/ros/nour_behave/srv/_package.lisp)
Linked: (/home/jetson/nourrobot_ws/devel/.private/nour_behave/share/roseus/ros/nour_behave/manifest.l, /home/jetson/nourrobot_ws/devel/share/roseus/ros/nour_behave/manifest.l)
Linked: (/home/jetson/nourrobot_ws/devel/.private/nour_behave/share/roseus/ros/nour_behave/srv/ServiceExample.l, /home/jetson/nourrobot_ws/devel/share/roseus/ros/nour_behave/srv/ServiceExample.l)
Linked: (/home/jetson/nourrobot_ws/devel/.private/nour_behave/share/roseus/ros/nour_behave/srv/ServiceDetect.l, /home/jetson/nourrobot_ws/devel/share/roseus/ros/nour_behave/srv/ServiceDetect.l)
Linked: (/home/jetson/nourrobot_ws/devel/.private/nour_behave/share/gennodejs/ros/nour_behave/_index.js, /home/jetson/nourrobot_ws/devel/share/gennodejs/ros/nour_behave/_index.js)
Linked: (/home/jetson/nourrobot_ws/devel/.private/nour_behave/share/gennodejs/ros/nour_behave/srv/ServiceDetect.js, /home/jetson/nourrobot_ws/devel/share/gennodejs/ros/nour_behave/srv/ServiceDetect.js)
Linked: (/home/jetson/nourrobot_ws/devel/.private/nour_behave/share/gennodejs/ros/nour_behave/srv/_index.js, /home/jetson/nourrobot_ws/devel/share/gennodejs/ros/nour_behave/srv/_index.js)
Linked: (/home/jetson/nourrobot_ws/devel/.private/nour_behave/share/gennodejs/ros/nour_behave/srv/ServiceExample.js, /home/jetson/nourrobot_ws/devel/share/gennodejs/ros/nour_behave/srv/ServiceExample.js)
