Determining if the pthread_create exist failed with the following output:
Change Dir: /home/jetson/nourrobot_ws/build/robot_pose_publisher/CMakeFiles/CMakeTmp

Run Build Command:"/usr/bin/make" "cmTC_40e24/fast"
/usr/bin/make -f CMakeFiles/cmTC_40e24.dir/build.make CMakeFiles/cmTC_40e24.dir/build
make[1]: Entering directory '/home/jetson/nourrobot_ws/build/robot_pose_publisher/CMakeFiles/CMakeTmp'
Building C object CMakeFiles/cmTC_40e24.dir/CheckSymbolExists.c.o
/usr/bin/cc    -o CMakeFiles/cmTC_40e24.dir/CheckSymbolExists.c.o   -c /home/jetson/nourrobot_ws/build/robot_pose_publisher/CMakeFiles/CMakeTmp/CheckSymbolExists.c
Linking C executable cmTC_40e24
/usr/bin/cmake -E cmake_link_script CMakeFiles/cmTC_40e24.dir/link.txt --verbose=1
/usr/bin/cc      -rdynamic CMakeFiles/cmTC_40e24.dir/CheckSymbolExists.c.o  -o cmTC_40e24 
CMakeFiles/cmTC_40e24.dir/CheckSymbolExists.c.o: In function `main':
CheckSymbolExists.c:(.text+0x14): undefined reference to `pthread_create'
CheckSymbolExists.c:(.text+0x18): undefined reference to `pthread_create'
collect2: error: ld returned 1 exit status
CMakeFiles/cmTC_40e24.dir/build.make:97: recipe for target 'cmTC_40e24' failed
make[1]: *** [cmTC_40e24] Error 1
make[1]: Leaving directory '/home/jetson/nourrobot_ws/build/robot_pose_publisher/CMakeFiles/CMakeTmp'
Makefile:126: recipe for target 'cmTC_40e24/fast' failed
make: *** [cmTC_40e24/fast] Error 2

File /home/jetson/nourrobot_ws/build/robot_pose_publisher/CMakeFiles/CMakeTmp/CheckSymbolExists.c:
/* */
#include <pthread.h>

int main(int argc, char** argv)
{
  (void)argv;
#ifndef pthread_create
  return ((int*)(&pthread_create))[argc];
#else
  (void)argc;
  return 0;
#endif
}

Determining if the function pthread_create exists in the pthreads failed with the following output:
Change Dir: /home/jetson/nourrobot_ws/build/robot_pose_publisher/CMakeFiles/CMakeTmp

Run Build Command:"/usr/bin/make" "cmTC_12da7/fast"
/usr/bin/make -f CMakeFiles/cmTC_12da7.dir/build.make CMakeFiles/cmTC_12da7.dir/build
make[1]: Entering directory '/home/jetson/nourrobot_ws/build/robot_pose_publisher/CMakeFiles/CMakeTmp'
Building C object CMakeFiles/cmTC_12da7.dir/CheckFunctionExists.c.o
/usr/bin/cc   -DCHECK_FUNCTION_EXISTS=pthread_create   -o CMakeFiles/cmTC_12da7.dir/CheckFunctionExists.c.o   -c /usr/share/cmake-3.10/Modules/CheckFunctionExists.c
Linking C executable cmTC_12da7
/usr/bin/cmake -E cmake_link_script CMakeFiles/cmTC_12da7.dir/link.txt --verbose=1
/usr/bin/cc  -DCHECK_FUNCTION_EXISTS=pthread_create    -rdynamic CMakeFiles/cmTC_12da7.dir/CheckFunctionExists.c.o  -o cmTC_12da7 -lpthreads 
/usr/bin/ld: cannot find -lpthreads
collect2: error: ld returned 1 exit status
CMakeFiles/cmTC_12da7.dir/build.make:97: recipe for target 'cmTC_12da7' failed
make[1]: *** [cmTC_12da7] Error 1
make[1]: Leaving directory '/home/jetson/nourrobot_ws/build/robot_pose_publisher/CMakeFiles/CMakeTmp'
Makefile:126: recipe for target 'cmTC_12da7/fast' failed
make: *** [cmTC_12da7/fast] Error 2


