Determining if the pthread_create exist failed with the following output:
Change Dir: /home/jetson/nourrobot_ws/build/ros_deep_learning/CMakeFiles/CMakeTmp

Run Build Command:"/usr/bin/make" "cmTC_92dd2/fast"
/usr/bin/make -f CMakeFiles/cmTC_92dd2.dir/build.make CMakeFiles/cmTC_92dd2.dir/build
make[1]: Entering directory '/home/jetson/nourrobot_ws/build/ros_deep_learning/CMakeFiles/CMakeTmp'
Building C object CMakeFiles/cmTC_92dd2.dir/CheckSymbolExists.c.o
/usr/bin/cc   -fPIC    -o CMakeFiles/cmTC_92dd2.dir/CheckSymbolExists.c.o   -c /home/jetson/nourrobot_ws/build/ros_deep_learning/CMakeFiles/CMakeTmp/CheckSymbolExists.c
Linking C executable cmTC_92dd2
/usr/bin/cmake -E cmake_link_script CMakeFiles/cmTC_92dd2.dir/link.txt --verbose=1
/usr/bin/cc -fPIC     CMakeFiles/cmTC_92dd2.dir/CheckSymbolExists.c.o  -o cmTC_92dd2 
CMakeFiles/cmTC_92dd2.dir/CheckSymbolExists.c.o: In function `main':
CheckSymbolExists.c:(.text+0x14): undefined reference to `pthread_create'
CheckSymbolExists.c:(.text+0x18): undefined reference to `pthread_create'
collect2: error: ld returned 1 exit status
CMakeFiles/cmTC_92dd2.dir/build.make:97: recipe for target 'cmTC_92dd2' failed
make[1]: *** [cmTC_92dd2] Error 1
make[1]: Leaving directory '/home/jetson/nourrobot_ws/build/ros_deep_learning/CMakeFiles/CMakeTmp'
Makefile:126: recipe for target 'cmTC_92dd2/fast' failed
make: *** [cmTC_92dd2/fast] Error 2

File /home/jetson/nourrobot_ws/build/ros_deep_learning/CMakeFiles/CMakeTmp/CheckSymbolExists.c:
/* */
#include <pthread.h>

int main(int argc, char** argv)
{
  (void)argv;
#ifndef pthread_create
  return ((int*)(&pthread_create))[argc];
#else
  (void)argc;
  return 0;
#endif
}

Determining if the function pthread_create exists in the pthreads failed with the following output:
Change Dir: /home/jetson/nourrobot_ws/build/ros_deep_learning/CMakeFiles/CMakeTmp

Run Build Command:"/usr/bin/make" "cmTC_70039/fast"
/usr/bin/make -f CMakeFiles/cmTC_70039.dir/build.make CMakeFiles/cmTC_70039.dir/build
make[1]: Entering directory '/home/jetson/nourrobot_ws/build/ros_deep_learning/CMakeFiles/CMakeTmp'
Building C object CMakeFiles/cmTC_70039.dir/CheckFunctionExists.c.o
/usr/bin/cc   -fPIC -DCHECK_FUNCTION_EXISTS=pthread_create   -o CMakeFiles/cmTC_70039.dir/CheckFunctionExists.c.o   -c /usr/share/cmake-3.10/Modules/CheckFunctionExists.c
Linking C executable cmTC_70039
/usr/bin/cmake -E cmake_link_script CMakeFiles/cmTC_70039.dir/link.txt --verbose=1
/usr/bin/cc -fPIC -DCHECK_FUNCTION_EXISTS=pthread_create    CMakeFiles/cmTC_70039.dir/CheckFunctionExists.c.o  -o cmTC_70039 -lpthreads 
/usr/bin/ld: cannot find -lpthreads
collect2: error: ld returned 1 exit status
CMakeFiles/cmTC_70039.dir/build.make:97: recipe for target 'cmTC_70039' failed
make[1]: *** [cmTC_70039] Error 1
make[1]: Leaving directory '/home/jetson/nourrobot_ws/build/ros_deep_learning/CMakeFiles/CMakeTmp'
Makefile:126: recipe for target 'cmTC_70039/fast' failed
make: *** [cmTC_70039/fast] Error 2


