[35m[1mScanning dependencies of target video_source[0m
[  4%] [32mBuilding CXX object CMakeFiles/video_source.dir/src/node_video_source.cpp.o[0m
[  8%] [32mBuilding CXX object CMakeFiles/video_source.dir/src/image_converter.cpp.o[0m
[ 13%] [32mBuilding CXX object CMakeFiles/video_source.dir/src/ros_compat.cpp.o[0m
[ 17%] [32m[1mLinking CXX executable /home/jetson/nourrobot_ws/devel/.private/ros_deep_learning/lib/ros_deep_learning/video_source[0m
[ 17%] Built target video_source
[35m[1mScanning dependencies of target segnet[0m
[ 21%] [32mBuilding CXX object CMakeFiles/segnet.dir/src/node_segnet.cpp.o[0m
[ 26%] [32mBuilding CXX object CMakeFiles/segnet.dir/src/image_converter.cpp.o[0m
[ 30%] [32mBuilding CXX object CMakeFiles/segnet.dir/src/ros_compat.cpp.o[0m
[35m[1mScanning dependencies of target detectnet[0m
[ 34%] [32mBuilding CXX object CMakeFiles/detectnet.dir/src/node_detectnet.cpp.o[0m
[ 39%] [32m[1mLinking CXX executable /home/jetson/nourrobot_ws/devel/.private/ros_deep_learning/lib/ros_deep_learning/segnet[0m
[ 39%] Built target segnet
[ 43%] [32mBuilding CXX object CMakeFiles/detectnet.dir/src/image_converter.cpp.o[0m
[35m[1mScanning dependencies of target imagenet[0m
[ 47%] [32mBuilding CXX object CMakeFiles/imagenet.dir/src/node_imagenet.cpp.o[0m
[ 52%] [32mBuilding CXX object CMakeFiles/detectnet.dir/src/ros_compat.cpp.o[0m
[ 56%] [32mBuilding CXX object CMakeFiles/imagenet.dir/src/image_converter.cpp.o[0m
[ 60%] [32m[1mLinking CXX executable /home/jetson/nourrobot_ws/devel/.private/ros_deep_learning/lib/ros_deep_learning/detectnet[0m
[ 60%] Built target detectnet
[ 65%] [32mBuilding CXX object CMakeFiles/imagenet.dir/src/ros_compat.cpp.o[0m
[35m[1mScanning dependencies of target video_output[0m
[ 69%] [32mBuilding CXX object CMakeFiles/video_output.dir/src/node_video_output.cpp.o[0m
[ 73%] [32m[1mLinking CXX executable /home/jetson/nourrobot_ws/devel/.private/ros_deep_learning/lib/ros_deep_learning/imagenet[0m
[ 73%] Built target imagenet
[ 78%] [32mBuilding CXX object CMakeFiles/video_output.dir/src/image_converter.cpp.o[0m
[ 82%] [32mBuilding CXX object CMakeFiles/video_output.dir/src/ros_compat.cpp.o[0m
[35m[1mScanning dependencies of target ros_deep_learning_nodelets[0m
[ 86%] [32mBuilding CXX object CMakeFiles/ros_deep_learning_nodelets.dir/src/nodelet_imagenet.cpp.o[0m
[ 91%] [32mBuilding CXX object CMakeFiles/ros_deep_learning_nodelets.dir/src/image_converter.cpp.o[0m
[ 95%] [32m[1mLinking CXX executable /home/jetson/nourrobot_ws/devel/.private/ros_deep_learning/lib/ros_deep_learning/video_output[0m
[ 95%] Built target video_output
[100%] [32m[1mLinking CXX shared library /home/jetson/nourrobot_ws/devel/.private/ros_deep_learning/lib/libros_deep_learning_nodelets.so[0m
[100%] Built target ros_deep_learning_nodelets
