Determining if the pthread_create exist failed with the following output:
Change Dir: /home/jetson/nourrobot_ws/build/nour_visualize/CMakeFiles/CMakeTmp

Run Build Command:"/usr/bin/make" "cmTC_1120e/fast"
/usr/bin/make -f CMakeFiles/cmTC_1120e.dir/build.make CMakeFiles/cmTC_1120e.dir/build
make[1]: Entering directory '/home/jetson/nourrobot_ws/build/nour_visualize/CMakeFiles/CMakeTmp'
Building C object CMakeFiles/cmTC_1120e.dir/CheckSymbolExists.c.o
/usr/bin/cc    -o CMakeFiles/cmTC_1120e.dir/CheckSymbolExists.c.o   -c /home/jetson/nourrobot_ws/build/nour_visualize/CMakeFiles/CMakeTmp/CheckSymbolExists.c
Linking C executable cmTC_1120e
/usr/bin/cmake -E cmake_link_script CMakeFiles/cmTC_1120e.dir/link.txt --verbose=1
/usr/bin/cc      -rdynamic CMakeFiles/cmTC_1120e.dir/CheckSymbolExists.c.o  -o cmTC_1120e 
CMakeFiles/cmTC_1120e.dir/CheckSymbolExists.c.o: In function `main':
CheckSymbolExists.c:(.text+0x14): undefined reference to `pthread_create'
CheckSymbolExists.c:(.text+0x18): undefined reference to `pthread_create'
collect2: error: ld returned 1 exit status
CMakeFiles/cmTC_1120e.dir/build.make:97: recipe for target 'cmTC_1120e' failed
make[1]: *** [cmTC_1120e] Error 1
make[1]: Leaving directory '/home/jetson/nourrobot_ws/build/nour_visualize/CMakeFiles/CMakeTmp'
Makefile:126: recipe for target 'cmTC_1120e/fast' failed
make: *** [cmTC_1120e/fast] Error 2

File /home/jetson/nourrobot_ws/build/nour_visualize/CMakeFiles/CMakeTmp/CheckSymbolExists.c:
/* */
#include <pthread.h>

int main(int argc, char** argv)
{
  (void)argv;
#ifndef pthread_create
  return ((int*)(&pthread_create))[argc];
#else
  (void)argc;
  return 0;
#endif
}

Determining if the function pthread_create exists in the pthreads failed with the following output:
Change Dir: /home/jetson/nourrobot_ws/build/nour_visualize/CMakeFiles/CMakeTmp

Run Build Command:"/usr/bin/make" "cmTC_071e4/fast"
/usr/bin/make -f CMakeFiles/cmTC_071e4.dir/build.make CMakeFiles/cmTC_071e4.dir/build
make[1]: Entering directory '/home/jetson/nourrobot_ws/build/nour_visualize/CMakeFiles/CMakeTmp'
Building C object CMakeFiles/cmTC_071e4.dir/CheckFunctionExists.c.o
/usr/bin/cc   -DCHECK_FUNCTION_EXISTS=pthread_create   -o CMakeFiles/cmTC_071e4.dir/CheckFunctionExists.c.o   -c /usr/share/cmake-3.10/Modules/CheckFunctionExists.c
Linking C executable cmTC_071e4
/usr/bin/cmake -E cmake_link_script CMakeFiles/cmTC_071e4.dir/link.txt --verbose=1
/usr/bin/cc  -DCHECK_FUNCTION_EXISTS=pthread_create    -rdynamic CMakeFiles/cmTC_071e4.dir/CheckFunctionExists.c.o  -o cmTC_071e4 -lpthreads 
/usr/bin/ld: cannot find -lpthreads
collect2: error: ld returned 1 exit status
CMakeFiles/cmTC_071e4.dir/build.make:97: recipe for target 'cmTC_071e4' failed
make[1]: *** [cmTC_071e4] Error 1
make[1]: Leaving directory '/home/jetson/nourrobot_ws/build/nour_visualize/CMakeFiles/CMakeTmp'
Makefile:126: recipe for target 'cmTC_071e4/fast' failed
make: *** [cmTC_071e4/fast] Error 2


