[35m[1mScanning dependencies of target _dialogflow_ros_generate_messages_check_deps_DialogflowService[0m
[35m[1mScanning dependencies of target std_msgs_generate_messages_eus[0m
[  0%] Built target std_msgs_generate_messages_eus
[  0%] Built target _dialogflow_ros_generate_messages_check_deps_DialogflowService
[35m[1mScanning dependencies of target _dialogflow_ros_generate_messages_check_deps_DialogflowEvent[0m
[35m[1mScanning dependencies of target _dialogflow_ros_generate_messages_check_deps_DialogflowContext[0m
[  0%] Built target _dialogflow_ros_generate_messages_check_deps_DialogflowEvent
[  0%] Built target _dialogflow_ros_generate_messages_check_deps_DialogflowContext
[35m[1mScanning dependencies of target _dialogflow_ros_generate_messages_check_deps_DialogflowResult[0m
[35m[1mScanning dependencies of target _dialogflow_ros_generate_messages_check_deps_DialogflowParameter[0m
[  0%] Built target _dialogflow_ros_generate_messages_check_deps_DialogflowResult
[  0%] Built target _dialogflow_ros_generate_messages_check_deps_DialogflowParameter
[35m[1mScanning dependencies of target _dialogflow_ros_generate_messages_check_deps_DialogflowRequest[0m
[35m[1mScanning dependencies of target std_msgs_generate_messages_cpp[0m
[  0%] Built target std_msgs_generate_messages_cpp
[35m[1mScanning dependencies of target std_msgs_generate_messages_nodejs[0m
[  0%] Built target std_msgs_generate_messages_nodejs
[  0%] Built target _dialogflow_ros_generate_messages_check_deps_DialogflowRequest
[35m[1mScanning dependencies of target std_msgs_generate_messages_py[0m
[35m[1mScanning dependencies of target std_msgs_generate_messages_lisp[0m
[  0%] Built target std_msgs_generate_messages_py
[  0%] Built target std_msgs_generate_messages_lisp
[35m[1mScanning dependencies of target dialogflow_ros_generate_messages_eus[0m
[35m[1mScanning dependencies of target dialogflow_ros_generate_messages_cpp[0m
[ 20%] Built target dialogflow_ros_generate_messages_eus
[ 37%] Built target dialogflow_ros_generate_messages_cpp
[35m[1mScanning dependencies of target dialogflow_ros_generate_messages_nodejs[0m
[35m[1mScanning dependencies of target dialogflow_ros_generate_messages_py[0m
[ 54%] Built target dialogflow_ros_generate_messages_nodejs
[ 77%] Built target dialogflow_ros_generate_messages_py
[35m[1mScanning dependencies of target dialogflow_ros_generate_messages_lisp[0m
[ 94%] Built target dialogflow_ros_generate_messages_lisp
[35m[1mScanning dependencies of target dialogflow_ros_generate_messages[0m
[35m[1mScanning dependencies of target test_intent_event[0m
[ 94%] Built target dialogflow_ros_generate_messages
[ 97%] [32mBuilding CXX object CMakeFiles/test_intent_event.dir/scripts/test/test_intent_event.cpp.o[0m
[100%] [32m[1mLinking CXX executable /home/jetson/nourrobot_ws/devel/.private/dialogflow_ros/lib/dialogflow_ros/test_intent_event[0m
[100%] Built target test_intent_event
