Linked: (/home/jetson/nourrobot_ws/devel/.private/dialogflow_ros/lib/pkgconfig/dialogflow_ros.pc, /home/jetson/nourrobot_ws/devel/lib/pkgconfig/dialogflow_ros.pc)
Linked: (/home/jetson/nourrobot_ws/devel/.private/dialogflow_ros/lib/dialogflow_ros/test_intent_event, /home/jetson/nourrobot_ws/devel/lib/dialogflow_ros/test_intent_event)
Linked: (/home/jetson/nourrobot_ws/devel/.private/dialogflow_ros/lib/python2.7/dist-packages/dialogflow_ros/__init__.py, /home/jetson/nourrobot_ws/devel/lib/python2.7/dist-packages/dialogflow_ros/__init__.py)
Linked: (/home/jetson/nourrobot_ws/devel/.private/dialogflow_ros/lib/python2.7/dist-packages/dialogflow_ros/msg/_DialogflowResult.py, /home/jetson/nourrobot_ws/devel/lib/python2.7/dist-packages/dialogflow_ros/msg/_DialogflowResult.py)
Linked: (/home/jetson/nourrobot_ws/devel/.private/dialogflow_ros/lib/python2.7/dist-packages/dialogflow_ros/msg/_DialogflowParameter.py, /home/jetson/nourrobot_ws/devel/lib/python2.7/dist-packages/dialogflow_ros/msg/_DialogflowParameter.py)
Linked: (/home/jetson/nourrobot_ws/devel/.private/dialogflow_ros/lib/python2.7/dist-packages/dialogflow_ros/msg/_DialogflowRequest.py, /home/jetson/nourrobot_ws/devel/lib/python2.7/dist-packages/dialogflow_ros/msg/_DialogflowRequest.py)
Linked: (/home/jetson/nourrobot_ws/devel/.private/dialogflow_ros/lib/python2.7/dist-packages/dialogflow_ros/msg/_DialogflowEvent.py, /home/jetson/nourrobot_ws/devel/lib/python2.7/dist-packages/dialogflow_ros/msg/_DialogflowEvent.py)
Linked: (/home/jetson/nourrobot_ws/devel/.private/dialogflow_ros/lib/python2.7/dist-packages/dialogflow_ros/msg/__init__.py, /home/jetson/nourrobot_ws/devel/lib/python2.7/dist-packages/dialogflow_ros/msg/__init__.py)
Linked: (/home/jetson/nourrobot_ws/devel/.private/dialogflow_ros/lib/python2.7/dist-packages/dialogflow_ros/msg/_DialogflowContext.py, /home/jetson/nourrobot_ws/devel/lib/python2.7/dist-packages/dialogflow_ros/msg/_DialogflowContext.py)
Linked: (/home/jetson/nourrobot_ws/devel/.private/dialogflow_ros/lib/python2.7/dist-packages/dialogflow_ros/srv/_DialogflowService.py, /home/jetson/nourrobot_ws/devel/lib/python2.7/dist-packages/dialogflow_ros/srv/_DialogflowService.py)
Linked: (/home/jetson/nourrobot_ws/devel/.private/dialogflow_ros/lib/python2.7/dist-packages/dialogflow_ros/srv/__init__.py, /home/jetson/nourrobot_ws/devel/lib/python2.7/dist-packages/dialogflow_ros/srv/__init__.py)
Linked: (/home/jetson/nourrobot_ws/devel/.private/dialogflow_ros/include/dialogflow_ros/DialogflowServiceResponse.h, /home/jetson/nourrobot_ws/devel/include/dialogflow_ros/DialogflowServiceResponse.h)
Linked: (/home/jetson/nourrobot_ws/devel/.private/dialogflow_ros/include/dialogflow_ros/DialogflowContext.h, /home/jetson/nourrobot_ws/devel/include/dialogflow_ros/DialogflowContext.h)
Linked: (/home/jetson/nourrobot_ws/devel/.private/dialogflow_ros/include/dialogflow_ros/DialogflowServiceRequest.h, /home/jetson/nourrobot_ws/devel/include/dialogflow_ros/DialogflowServiceRequest.h)
Linked: (/home/jetson/nourrobot_ws/devel/.private/dialogflow_ros/include/dialogflow_ros/DialogflowParameter.h, /home/jetson/nourrobot_ws/devel/include/dialogflow_ros/DialogflowParameter.h)
Linked: (/home/jetson/nourrobot_ws/devel/.private/dialogflow_ros/include/dialogflow_ros/DialogflowEvent.h, /home/jetson/nourrobot_ws/devel/include/dialogflow_ros/DialogflowEvent.h)
Linked: (/home/jetson/nourrobot_ws/devel/.private/dialogflow_ros/include/dialogflow_ros/DialogflowResult.h, /home/jetson/nourrobot_ws/devel/include/dialogflow_ros/DialogflowResult.h)
Linked: (/home/jetson/nourrobot_ws/devel/.private/dialogflow_ros/include/dialogflow_ros/DialogflowRequest.h, /home/jetson/nourrobot_ws/devel/include/dialogflow_ros/DialogflowRequest.h)
Linked: (/home/jetson/nourrobot_ws/devel/.private/dialogflow_ros/include/dialogflow_ros/DialogflowService.h, /home/jetson/nourrobot_ws/devel/include/dialogflow_ros/DialogflowService.h)
Linked: (/home/jetson/nourrobot_ws/devel/.private/dialogflow_ros/share/common-lisp/ros/dialogflow_ros/msg/_package_DialogflowEvent.lisp, /home/jetson/nourrobot_ws/devel/share/common-lisp/ros/dialogflow_ros/msg/_package_DialogflowEvent.lisp)
Linked: (/home/jetson/nourrobot_ws/devel/.private/dialogflow_ros/share/common-lisp/ros/dialogflow_ros/msg/DialogflowRequest.lisp, /home/jetson/nourrobot_ws/devel/share/common-lisp/ros/dialogflow_ros/msg/DialogflowRequest.lisp)
Linked: (/home/jetson/nourrobot_ws/devel/.private/dialogflow_ros/share/common-lisp/ros/dialogflow_ros/msg/DialogflowContext.lisp, /home/jetson/nourrobot_ws/devel/share/common-lisp/ros/dialogflow_ros/msg/DialogflowContext.lisp)
Linked: (/home/jetson/nourrobot_ws/devel/.private/dialogflow_ros/share/common-lisp/ros/dialogflow_ros/msg/_package_DialogflowResult.lisp, /home/jetson/nourrobot_ws/devel/share/common-lisp/ros/dialogflow_ros/msg/_package_DialogflowResult.lisp)
Linked: (/home/jetson/nourrobot_ws/devel/.private/dialogflow_ros/share/common-lisp/ros/dialogflow_ros/msg/DialogflowResult.lisp, /home/jetson/nourrobot_ws/devel/share/common-lisp/ros/dialogflow_ros/msg/DialogflowResult.lisp)
Linked: (/home/jetson/nourrobot_ws/devel/.private/dialogflow_ros/share/common-lisp/ros/dialogflow_ros/msg/DialogflowEvent.lisp, /home/jetson/nourrobot_ws/devel/share/common-lisp/ros/dialogflow_ros/msg/DialogflowEvent.lisp)
Linked: (/home/jetson/nourrobot_ws/devel/.private/dialogflow_ros/share/common-lisp/ros/dialogflow_ros/msg/_package_DialogflowContext.lisp, /home/jetson/nourrobot_ws/devel/share/common-lisp/ros/dialogflow_ros/msg/_package_DialogflowContext.lisp)
Linked: (/home/jetson/nourrobot_ws/devel/.private/dialogflow_ros/share/common-lisp/ros/dialogflow_ros/msg/_package_DialogflowRequest.lisp, /home/jetson/nourrobot_ws/devel/share/common-lisp/ros/dialogflow_ros/msg/_package_DialogflowRequest.lisp)
Linked: (/home/jetson/nourrobot_ws/devel/.private/dialogflow_ros/share/common-lisp/ros/dialogflow_ros/msg/_package_DialogflowParameter.lisp, /home/jetson/nourrobot_ws/devel/share/common-lisp/ros/dialogflow_ros/msg/_package_DialogflowParameter.lisp)
Linked: (/home/jetson/nourrobot_ws/devel/.private/dialogflow_ros/share/common-lisp/ros/dialogflow_ros/msg/DialogflowParameter.lisp, /home/jetson/nourrobot_ws/devel/share/common-lisp/ros/dialogflow_ros/msg/DialogflowParameter.lisp)
Linked: (/home/jetson/nourrobot_ws/devel/.private/dialogflow_ros/share/common-lisp/ros/dialogflow_ros/msg/_package.lisp, /home/jetson/nourrobot_ws/devel/share/common-lisp/ros/dialogflow_ros/msg/_package.lisp)
Linked: (/home/jetson/nourrobot_ws/devel/.private/dialogflow_ros/share/common-lisp/ros/dialogflow_ros/msg/dialogflow_ros-msg.asd, /home/jetson/nourrobot_ws/devel/share/common-lisp/ros/dialogflow_ros/msg/dialogflow_ros-msg.asd)
Linked: (/home/jetson/nourrobot_ws/devel/.private/dialogflow_ros/share/common-lisp/ros/dialogflow_ros/srv/dialogflow_ros-srv.asd, /home/jetson/nourrobot_ws/devel/share/common-lisp/ros/dialogflow_ros/srv/dialogflow_ros-srv.asd)
Linked: (/home/jetson/nourrobot_ws/devel/.private/dialogflow_ros/share/common-lisp/ros/dialogflow_ros/srv/DialogflowService.lisp, /home/jetson/nourrobot_ws/devel/share/common-lisp/ros/dialogflow_ros/srv/DialogflowService.lisp)
Linked: (/home/jetson/nourrobot_ws/devel/.private/dialogflow_ros/share/common-lisp/ros/dialogflow_ros/srv/_package.lisp, /home/jetson/nourrobot_ws/devel/share/common-lisp/ros/dialogflow_ros/srv/_package.lisp)
Linked: (/home/jetson/nourrobot_ws/devel/.private/dialogflow_ros/share/common-lisp/ros/dialogflow_ros/srv/_package_DialogflowService.lisp, /home/jetson/nourrobot_ws/devel/share/common-lisp/ros/dialogflow_ros/srv/_package_DialogflowService.lisp)
Linked: (/home/jetson/nourrobot_ws/devel/.private/dialogflow_ros/share/dialogflow_ros/cmake/dialogflow_ros-msg-paths.cmake, /home/jetson/nourrobot_ws/devel/share/dialogflow_ros/cmake/dialogflow_ros-msg-paths.cmake)
Linked: (/home/jetson/nourrobot_ws/devel/.private/dialogflow_ros/share/dialogflow_ros/cmake/dialogflow_ros-msg-extras.cmake, /home/jetson/nourrobot_ws/devel/share/dialogflow_ros/cmake/dialogflow_ros-msg-extras.cmake)
Linked: (/home/jetson/nourrobot_ws/devel/.private/dialogflow_ros/share/dialogflow_ros/cmake/dialogflow_rosConfig-version.cmake, /home/jetson/nourrobot_ws/devel/share/dialogflow_ros/cmake/dialogflow_rosConfig-version.cmake)
Linked: (/home/jetson/nourrobot_ws/devel/.private/dialogflow_ros/share/dialogflow_ros/cmake/dialogflow_rosConfig.cmake, /home/jetson/nourrobot_ws/devel/share/dialogflow_ros/cmake/dialogflow_rosConfig.cmake)
Linked: (/home/jetson/nourrobot_ws/devel/.private/dialogflow_ros/share/roseus/ros/dialogflow_ros/manifest.l, /home/jetson/nourrobot_ws/devel/share/roseus/ros/dialogflow_ros/manifest.l)
Linked: (/home/jetson/nourrobot_ws/devel/.private/dialogflow_ros/share/roseus/ros/dialogflow_ros/msg/DialogflowRequest.l, /home/jetson/nourrobot_ws/devel/share/roseus/ros/dialogflow_ros/msg/DialogflowRequest.l)
Linked: (/home/jetson/nourrobot_ws/devel/.private/dialogflow_ros/share/roseus/ros/dialogflow_ros/msg/DialogflowResult.l, /home/jetson/nourrobot_ws/devel/share/roseus/ros/dialogflow_ros/msg/DialogflowResult.l)
Linked: (/home/jetson/nourrobot_ws/devel/.private/dialogflow_ros/share/roseus/ros/dialogflow_ros/msg/DialogflowParameter.l, /home/jetson/nourrobot_ws/devel/share/roseus/ros/dialogflow_ros/msg/DialogflowParameter.l)
Linked: (/home/jetson/nourrobot_ws/devel/.private/dialogflow_ros/share/roseus/ros/dialogflow_ros/msg/DialogflowEvent.l, /home/jetson/nourrobot_ws/devel/share/roseus/ros/dialogflow_ros/msg/DialogflowEvent.l)
Linked: (/home/jetson/nourrobot_ws/devel/.private/dialogflow_ros/share/roseus/ros/dialogflow_ros/msg/DialogflowContext.l, /home/jetson/nourrobot_ws/devel/share/roseus/ros/dialogflow_ros/msg/DialogflowContext.l)
Linked: (/home/jetson/nourrobot_ws/devel/.private/dialogflow_ros/share/roseus/ros/dialogflow_ros/srv/DialogflowService.l, /home/jetson/nourrobot_ws/devel/share/roseus/ros/dialogflow_ros/srv/DialogflowService.l)
Linked: (/home/jetson/nourrobot_ws/devel/.private/dialogflow_ros/share/gennodejs/ros/dialogflow_ros/_index.js, /home/jetson/nourrobot_ws/devel/share/gennodejs/ros/dialogflow_ros/_index.js)
Linked: (/home/jetson/nourrobot_ws/devel/.private/dialogflow_ros/share/gennodejs/ros/dialogflow_ros/msg/DialogflowEvent.js, /home/jetson/nourrobot_ws/devel/share/gennodejs/ros/dialogflow_ros/msg/DialogflowEvent.js)
Linked: (/home/jetson/nourrobot_ws/devel/.private/dialogflow_ros/share/gennodejs/ros/dialogflow_ros/msg/DialogflowContext.js, /home/jetson/nourrobot_ws/devel/share/gennodejs/ros/dialogflow_ros/msg/DialogflowContext.js)
Linked: (/home/jetson/nourrobot_ws/devel/.private/dialogflow_ros/share/gennodejs/ros/dialogflow_ros/msg/DialogflowParameter.js, /home/jetson/nourrobot_ws/devel/share/gennodejs/ros/dialogflow_ros/msg/DialogflowParameter.js)
Linked: (/home/jetson/nourrobot_ws/devel/.private/dialogflow_ros/share/gennodejs/ros/dialogflow_ros/msg/DialogflowResult.js, /home/jetson/nourrobot_ws/devel/share/gennodejs/ros/dialogflow_ros/msg/DialogflowResult.js)
Linked: (/home/jetson/nourrobot_ws/devel/.private/dialogflow_ros/share/gennodejs/ros/dialogflow_ros/msg/DialogflowRequest.js, /home/jetson/nourrobot_ws/devel/share/gennodejs/ros/dialogflow_ros/msg/DialogflowRequest.js)
Linked: (/home/jetson/nourrobot_ws/devel/.private/dialogflow_ros/share/gennodejs/ros/dialogflow_ros/msg/_index.js, /home/jetson/nourrobot_ws/devel/share/gennodejs/ros/dialogflow_ros/msg/_index.js)
Linked: (/home/jetson/nourrobot_ws/devel/.private/dialogflow_ros/share/gennodejs/ros/dialogflow_ros/srv/DialogflowService.js, /home/jetson/nourrobot_ws/devel/share/gennodejs/ros/dialogflow_ros/srv/DialogflowService.js)
Linked: (/home/jetson/nourrobot_ws/devel/.private/dialogflow_ros/share/gennodejs/ros/dialogflow_ros/srv/_index.js, /home/jetson/nourrobot_ws/devel/share/gennodejs/ros/dialogflow_ros/srv/_index.js)
