[35m[1mScanning dependencies of target _nour_msgs_generate_messages_check_deps_Velocities[0m
[35m[1mScanning dependencies of target std_msgs_generate_messages_nodejs[0m
[35m[1mScanning dependencies of target _nour_msgs_generate_messages_check_deps_Imu[0m
[35m[1mScanning dependencies of target geometry_msgs_generate_messages_nodejs[0m
[  0%] Built target std_msgs_generate_messages_nodejs
[  0%] Built target geometry_msgs_generate_messages_nodejs
[35m[1mScanning dependencies of target geometry_msgs_generate_messages_cpp[0m
[35m[1mScanning dependencies of target _nour_msgs_generate_messages_check_deps_PID[0m
[  0%] Built target geometry_msgs_generate_messages_cpp
[  0%] Built target _nour_msgs_generate_messages_check_deps_Imu
[  0%] Built target _nour_msgs_generate_messages_check_deps_Velocities
[35m[1mScanning dependencies of target std_msgs_generate_messages_cpp[0m
[35m[1mScanning dependencies of target geometry_msgs_generate_messages_eus[0m
[35m[1mScanning dependencies of target std_msgs_generate_messages_eus[0m
[  0%] Built target std_msgs_generate_messages_cpp
[  0%] Built target geometry_msgs_generate_messages_eus
[  0%] Built target std_msgs_generate_messages_eus
[  0%] Built target _nour_msgs_generate_messages_check_deps_PID
[35m[1mScanning dependencies of target std_msgs_generate_messages_lisp[0m
[35m[1mScanning dependencies of target geometry_msgs_generate_messages_py[0m
[35m[1mScanning dependencies of target geometry_msgs_generate_messages_lisp[0m
[35m[1mScanning dependencies of target std_msgs_generate_messages_py[0m
[  0%] Built target std_msgs_generate_messages_lisp
[  0%] Built target geometry_msgs_generate_messages_py
[  0%] Built target geometry_msgs_generate_messages_lisp
[  0%] Built target std_msgs_generate_messages_py
[35m[1mScanning dependencies of target nour_msgs_generate_messages_nodejs[0m
[35m[1mScanning dependencies of target nour_msgs_generate_messages_cpp[0m
[35m[1mScanning dependencies of target nour_msgs_generate_messages_eus[0m
[35m[1mScanning dependencies of target nour_msgs_generate_messages_lisp[0m
[ 23%] Built target nour_msgs_generate_messages_cpp
[ 35%] Built target nour_msgs_generate_messages_nodejs
[ 70%] Built target nour_msgs_generate_messages_lisp
[ 76%] Built target nour_msgs_generate_messages_eus
[35m[1mScanning dependencies of target nour_msgs_generate_messages_py[0m
[100%] Built target nour_msgs_generate_messages_py
[35m[1mScanning dependencies of target nour_msgs_generate_messages[0m
[100%] Built target nour_msgs_generate_messages
